1729178154455|0|statement|connection 6|url jdbc:h2:tcp://localhost/~/test|insert into interest_region (city,dong,gu,id) values (?,?,?,?)|insert into interest_region (city,dong,gu,id) values ('충청북도','화산동','제천시 ',115)
1729178154462|0|statement|connection 6|url jdbc:h2:tcp://localhost/~/test|insert into interest_region (city,dong,gu,id) values (?,?,?,?)|insert into interest_region (city,dong,gu,id) values ('충청남도','성정동','천안시 서북구 ',116)
1729178154464|0|statement|connection 6|url jdbc:h2:tcp://localhost/~/test|insert into interest_region (city,dong,gu,id) values (?,?,?,?)|insert into interest_region (city,dong,gu,id) values ('충청남도','백석동','천안시 서북구 ',117)
1729178154465|0|statement|connection 6|url jdbc:h2:tcp://localhost/~/test|insert into interest_region (city,dong,gu,id) values (?,?,?,?)|insert into interest_region (city,dong,gu,id) values ('충청남도','쌍용동','천안시 서북구 ',118)
1729178154468|0|statement|connection 6|url jdbc:h2:tcp://localhost/~/test|insert into interest_region (city,dong,gu,id) values (?,?,?,?)|insert into interest_region (city,dong,gu,id) values ('충청남도','온양동','아산시 ',119)
1729178154471|0|statement|connection 6|url jdbc:h2:tcp://localhost/~/test|insert into interest_region (city,dong,gu,id) values (?,?,?,?)|insert into interest_region (city,dong,gu,id) values ('충청남도','배방읍','아산시 ',120)
1729178154473|0|statement|connection 6|url jdbc:h2:tcp://localhost/~/test|insert into interest_region (city,dong,gu,id) values (?,?,?,?)|insert into interest_region (city,dong,gu,id) values ('충청남도','도고면','아산시 ',121)
1729178154475|0|statement|connection 6|url jdbc:h2:tcp://localhost/~/test|insert into interest_region (city,dong,gu,id) values (?,?,?,?)|insert into interest_region (city,dong,gu,id) values ('충청남도','금학동','공주시 ',122)
1729178154478|2|statement|connection 6|url jdbc:h2:tcp://localhost/~/test|insert into interest_region (city,dong,gu,id) values (?,?,?,?)|insert into interest_region (city,dong,gu,id) values ('충청남도','웅진동','공주시 ',123)
1729178154481|0|statement|connection 6|url jdbc:h2:tcp://localhost/~/test|insert into interest_region (city,dong,gu,id) values (?,?,?,?)|insert into interest_region (city,dong,gu,id) values ('충청남도','신관동','공주시 ',124)
1729178154483|0|statement|connection 6|url jdbc:h2:tcp://localhost/~/test|insert into interest_region (city,dong,gu,id) values (?,?,?,?)|insert into interest_region (city,dong,gu,id) values ('전라북도','서신동','전주시 완산구 ',125)
1729178154485|0|statement|connection 6|url jdbc:h2:tcp://localhost/~/test|insert into interest_region (city,dong,gu,id) values (?,?,?,?)|insert into interest_region (city,dong,gu,id) values ('전라북도','효자동','전주시 완산구 ',126)
1729178154486|0|statement|connection 6|url jdbc:h2:tcp://localhost/~/test|insert into interest_region (city,dong,gu,id) values (?,?,?,?)|insert into interest_region (city,dong,gu,id) values ('전라북도','중화산동','전주시 완산구 ',127)
1729178154487|0|statement|connection 6|url jdbc:h2:tcp://localhost/~/test|insert into interest_region (city,dong,gu,id) values (?,?,?,?)|insert into interest_region (city,dong,gu,id) values ('전라북도','나운동','군산시 ',128)
1729178154489|0|statement|connection 6|url jdbc:h2:tcp://localhost/~/test|insert into interest_region (city,dong,gu,id) values (?,?,?,?)|insert into interest_region (city,dong,gu,id) values ('전라북도','미룡동','군산시 ',129)
1729178154493|0|statement|connection 6|url jdbc:h2:tcp://localhost/~/test|insert into interest_region (city,dong,gu,id) values (?,?,?,?)|insert into interest_region (city,dong,gu,id) values ('전라북도','경암동','군산시 ',130)
1729178154494|0|statement|connection 6|url jdbc:h2:tcp://localhost/~/test|insert into interest_region (city,dong,gu,id) values (?,?,?,?)|insert into interest_region (city,dong,gu,id) values ('전라북도','영등동','익산시 ',131)
1729178154496|0|statement|connection 6|url jdbc:h2:tcp://localhost/~/test|insert into interest_region (city,dong,gu,id) values (?,?,?,?)|insert into interest_region (city,dong,gu,id) values ('전라북도','모현동','익산시 ',132)
1729178154497|0|statement|connection 6|url jdbc:h2:tcp://localhost/~/test|insert into interest_region (city,dong,gu,id) values (?,?,?,?)|insert into interest_region (city,dong,gu,id) values ('전라북도','동산동','익산시 ',133)
1729178154501|0|statement|connection 6|url jdbc:h2:tcp://localhost/~/test|insert into interest_region (city,dong,gu,id) values (?,?,?,?)|insert into interest_region (city,dong,gu,id) values ('전라남도','옥암동','목포시 ',134)
1729178154503|0|statement|connection 6|url jdbc:h2:tcp://localhost/~/test|insert into interest_region (city,dong,gu,id) values (?,?,?,?)|insert into interest_region (city,dong,gu,id) values ('전라남도','용당동','목포시 ',135)
1729178154504|0|statement|connection 6|url jdbc:h2:tcp://localhost/~/test|insert into interest_region (city,dong,gu,id) values (?,?,?,?)|insert into interest_region (city,dong,gu,id) values ('전라남도','상동','목포시 ',136)
1729178154505|0|statement|connection 6|url jdbc:h2:tcp://localhost/~/test|insert into interest_region (city,dong,gu,id) values (?,?,?,?)|insert into interest_region (city,dong,gu,id) values ('전라남도','학동','여수시 ',137)
1729178154507|0|statement|connection 6|url jdbc:h2:tcp://localhost/~/test|insert into interest_region (city,dong,gu,id) values (?,?,?,?)|insert into interest_region (city,dong,gu,id) values ('전라남도','여서동','여수시 ',138)
1729178154510|0|statement|connection 6|url jdbc:h2:tcp://localhost/~/test|insert into interest_region (city,dong,gu,id) values (?,?,?,?)|insert into interest_region (city,dong,gu,id) values ('전라남도','미평동','여수시 ',139)
1729178154511|0|statement|connection 6|url jdbc:h2:tcp://localhost/~/test|insert into interest_region (city,dong,gu,id) values (?,?,?,?)|insert into interest_region (city,dong,gu,id) values ('전라남도','왕지동','순천시 ',140)
1729178154512|0|statement|connection 6|url jdbc:h2:tcp://localhost/~/test|insert into interest_region (city,dong,gu,id) values (?,?,?,?)|insert into interest_region (city,dong,gu,id) values ('전라남도','연향동','순천시 ',141)
1729178154513|0|statement|connection 6|url jdbc:h2:tcp://localhost/~/test|insert into interest_region (city,dong,gu,id) values (?,?,?,?)|insert into interest_region (city,dong,gu,id) values ('전라남도','조례동','순천시 ',142)
1729178154514|0|statement|connection 6|url jdbc:h2:tcp://localhost/~/test|insert into interest_region (city,dong,gu,id) values (?,?,?,?)|insert into interest_region (city,dong,gu,id) values ('경상북도','득량동','포항시 북구 ',143)
1729278101393|0|statement|connection 6|url jdbc:h2:tcp://localhost/~/test|insert into interest_region (city,dong,gu,id) values (?,?,?,?)|insert into interest_region (city,dong,gu,id) values ('제주특별자치도','이도동','제주시 ',161)
1729278101396|0|statement|connection 6|url jdbc:h2:tcp://localhost/~/test|insert into interest_region (city,dong,gu,id) values (?,?,?,?)|insert into interest_region (city,dong,gu,id) values ('제주특별자치도','연동','제주시 ',162)
1729278101397|0|statement|connection 6|url jdbc:h2:tcp://localhost/~/test|insert into interest_region (city,dong,gu,id) values (?,?,?,?)|insert into interest_region (city,dong,gu,id) values ('제주특별자치도','노형동','제주시 ',163)
1729278101398|0|statement|connection 6|url jdbc:h2:tcp://localhost/~/test|insert into interest_region (city,dong,gu,id) values (?,?,?,?)|insert into interest_region (city,dong,gu,id) values ('제주특별자치도','동홍동','서귀포시 ',164)
1729278101400|0|statement|connection 6|url jdbc:h2:tcp://localhost/~/test|insert into interest_region (city,dong,gu,id) values (?,?,?,?)|insert into interest_region (city,dong,gu,id) values ('제주특별자치도','대정읍','서귀포시 ',165)
1729278101401|0|statement|connection 6|url jdbc:h2:tcp://localhost/~/test|insert into interest_region (city,dong,gu,id) values (?,?,?,?)|insert into interest_region (city,dong,gu,id) values ('제주특별자치도','중문동','서귀포시 ',166)
1729278101403|1|commit|connection 6|url jdbc:h2:tcp://localhost/~/test||
